# do {tb_top_ddr3_hdmi_compile.do}
# ** Warning: (vlib-34) Library already exists at "modelsim_lib/work".
# ** Warning: (vlib-34) Library already exists at "modelsim_lib/msim".
# ** Warning: (vlib-34) Library already exists at "modelsim_lib/msim/xil_defaultlib".
# Model Technology ModelSim DE-64 vmap 10.6c Lib Mapping Utility 2017.07 Jul 26 2017
# vmap xil_defaultlib modelsim_lib/msim/xil_defaultlib 
# Modifying modelsim.ini
# ** Warning: (vlog-159) Mode option -64 is not supported in this context and will be ignored.
# Model Technology ModelSim DE-64 vlog 10.6c Compiler 2017.07 Jul 26 2017
# Start time: 10:36:06 on Oct 11,2018
# vlog -64 -incr -work xil_defaultlib "+incdir+../../../../ddr3_hdmi.srcs" "+incdir+../../../../ddr3_hdmi.srcs/sources_1/ip/clk_wiz_0" "+incdir+../../../../ddr3_hdmi.srcs/sources_1/ip/clk_wiz_1" "+incdir+F:/software/vivado/Vivado/2018.1/data/xilinx_vip/include" ../../../../ddr3_hdmi.srcs/sources_1/ip/clk_wiz_1/clk_wiz_1_clk_wiz.v ../../../../ddr3_hdmi.srcs/sources_1/ip/clk_wiz_1/clk_wiz_1.v ../../../../ddr3_hdmi.srcs/sources_1/ip/clk_wiz_0/clk_wiz_0_clk_wiz.v ../../../../ddr3_hdmi.srcs/sources_1/ip/clk_wiz_0/clk_wiz_0.v ../../../../ddr3_hdmi.srcs/sources_1/ip/cmd_fifo/sim/cmd_fifo.v ../../../../ddr3_hdmi.srcs/sources_1/ip/rd_data_fifo/sim/rd_data_fifo.v ../../../../ddr3_hdmi.srcs/sources_1/ip/wr_data_fifo/sim/wr_data_fifo.v ../../../../ddr3_hdmi.srcs/sources_1/ip/mig_7series_0/mig_7series_0/user_design/rtl/clocking/mig_7series_v4_1_clk_ibuf.v ../../../../ddr3_hdmi.srcs/sources_1/ip/mig_7series_0/mig_7series_0/user_design/rtl/clocking/mig_7series_v4_1_infrastructure.v ../../../../ddr3_hdmi.srcs/sources_1/ip/mig_7series_0/mig_7series_0/user_design/rtl/clocking/mig_7series_v4_1_iodelay_ctrl.v ../../../../ddr3_hdmi.srcs/sources_1/ip/mig_7series_0/mig_7series_0/user_design/rtl/clocking/mig_7series_v4_1_tempmon.v ../../../../ddr3_hdmi.srcs/sources_1/ip/mig_7series_0/mig_7series_0/user_design/rtl/controller/mig_7series_v4_1_arb_mux.v ../../../../ddr3_hdmi.srcs/sources_1/ip/mig_7series_0/mig_7series_0/user_design/rtl/controller/mig_7series_v4_1_arb_row_col.v ../../../../ddr3_hdmi.srcs/sources_1/ip/mig_7series_0/mig_7series_0/user_design/rtl/controller/mig_7series_v4_1_arb_select.v ../../../../ddr3_hdmi.srcs/sources_1/ip/mig_7series_0/mig_7series_0/user_design/rtl/controller/mig_7series_v4_1_bank_cntrl.v ../../../../ddr3_hdmi.srcs/sources_1/ip/mig_7series_0/mig_7series_0/user_design/rtl/controller/mig_7series_v4_1_bank_common.v ../../../../ddr3_hdmi.srcs/sources_1/ip/mig_7series_0/mig_7series_0/user_design/rtl/controller/mig_7series_v4_1_bank_compare.v ../../../../ddr3_hdmi.srcs/sources_1/ip/mig_7series_0/mig_7series_0/user_design/rtl/controller/mig_7series_v4_1_bank_mach.v ../../../../ddr3_hdmi.srcs/sources_1/ip/mig_7series_0/mig_7series_0/user_design/rtl/controller/mig_7series_v4_1_bank_queue.v ../../../../ddr3_hdmi.srcs/sources_1/ip/mig_7series_0/mig_7series_0/user_design/rtl/controller/mig_7series_v4_1_bank_state.v ../../../../ddr3_hdmi.srcs/sources_1/ip/mig_7series_0/mig_7series_0/user_design/rtl/controller/mig_7series_v4_1_col_mach.v ../../../../ddr3_hdmi.srcs/sources_1/ip/mig_7series_0/mig_7series_0/user_design/rtl/controller/mig_7series_v4_1_mc.v ../../../../ddr3_hdmi.srcs/sources_1/ip/mig_7series_0/mig_7series_0/user_design/rtl/controller/mig_7series_v4_1_rank_cntrl.v ../../../../ddr3_hdmi.srcs/sources_1/ip/mig_7series_0/mig_7series_0/user_design/rtl/controller/mig_7series_v4_1_rank_common.v ../../../../ddr3_hdmi.srcs/sources_1/ip/mig_7series_0/mig_7series_0/user_design/rtl/controller/mig_7series_v4_1_rank_mach.v ../../../../ddr3_hdmi.srcs/sources_1/ip/mig_7series_0/mig_7series_0/user_design/rtl/controller/mig_7series_v4_1_round_robin_arb.v ../../../../ddr3_hdmi.srcs/sources_1/ip/mig_7series_0/mig_7series_0/user_design/rtl/ecc/mig_7series_v4_1_ecc_buf.v ../../../../ddr3_hdmi.srcs/sources_1/ip/mig_7series_0/mig_7series_0/user_design/rtl/ecc/mig_7series_v4_1_ecc_dec_fix.v ../../../../ddr3_hdmi.srcs/sources_1/ip/mig_7series_0/mig_7series_0/user_design/rtl/ecc/mig_7series_v4_1_ecc_gen.v ../../../../ddr3_hdmi.srcs/sources_1/ip/mig_7series_0/mig_7series_0/user_design/rtl/ecc/mig_7series_v4_1_ecc_merge_enc.v ../../../../ddr3_hdmi.srcs/sources_1/ip/mig_7series_0/mig_7series_0/user_design/rtl/ecc/mig_7series_v4_1_fi_xor.v ../../../../ddr3_hdmi.srcs/sources_1/ip/mig_7series_0/mig_7series_0/user_design/rtl/ip_top/mig_7series_v4_1_memc_ui_top_std.v ../../../../ddr3_hdmi.srcs/sources_1/ip/mig_7series_0/mig_7series_0/user_design/rtl/ip_top/mig_7series_v4_1_mem_intfc.v ../../../../ddr3_hdmi.srcs/sources_1/ip/mig_7series_0/mig_7series_0/user_design/rtl/phy/mig_7series_v4_1_ddr_byte_group_io.v ../../../../ddr3_hdmi.srcs/sources_1/ip/mig_7series_0/mig_7series_0/user_design/rtl/phy/mig_7series_v4_1_ddr_byte_lane.v ../../../../ddr3_hdmi.srcs/sources_1/ip/mig_7series_0/mig_7series_0/user_design/rtl/phy/mig_7series_v4_1_ddr_calib_top.v ../../../../ddr3_hdmi.srcs/sources_1/ip/mig_7series_0/mig_7series_0/user_design/rtl/phy/mig_7series_v4_1_ddr_if_post_fifo.v ../../../../ddr3_hdmi.srcs/sources_1/ip/mig_7series_0/mig_7series_0/user_design/rtl/phy/mig_7series_v4_1_ddr_mc_phy.v ../../../../ddr3_hdmi.srcs/sources_1/ip/mig_7series_0/mig_7series_0/user_design/rtl/phy/mig_7series_v4_1_ddr_mc_phy_wrapper.v ../../../../ddr3_hdmi.srcs/sources_1/ip/mig_7series_0/mig_7series_0/user_design/rtl/phy/mig_7series_v4_1_ddr_of_pre_fifo.v ../../../../ddr3_hdmi.srcs/sources_1/ip/mig_7series_0/mig_7series_0/user_design/rtl/phy/mig_7series_v4_1_ddr_phy_4lanes.v ../../../../ddr3_hdmi.srcs/sources_1/ip/mig_7series_0/mig_7series_0/user_design/rtl/phy/mig_7series_v4_1_ddr_phy_ck_addr_cmd_delay.v ../../../../ddr3_hdmi.srcs/sources_1/ip/mig_7series_0/mig_7series_0/user_design/rtl/phy/mig_7series_v4_1_ddr_phy_dqs_found_cal.v ../../../../ddr3_hdmi.srcs/sources_1/ip/mig_7series_0/mig_7series_0/user_design/rtl/phy/mig_7series_v4_1_ddr_phy_dqs_found_cal_hr.v ../../../../ddr3_hdmi.srcs/sources_1/ip/mig_7series_0/mig_7series_0/user_design/rtl/phy/mig_7series_v4_1_ddr_phy_init.v ../../../../ddr3_hdmi.srcs/sources_1/ip/mig_7series_0/mig_7series_0/user_design/rtl/phy/mig_7series_v4_1_ddr_phy_ocd_cntlr.v ../../../../ddr3_hdmi.srcs/sources_1/ip/mig_7series_0/mig_7series_0/user_design/rtl/phy/mig_7series_v4_1_ddr_phy_ocd_data.v ../../../../ddr3_hdmi.srcs/sources_1/ip/mig_7series_0/mig_7series_0/user_design/rtl/phy/mig_7series_v4_1_ddr_phy_ocd_edge.v ../../../../ddr3_hdmi.srcs/sources_1/ip/mig_7series_0/mig_7series_0/user_design/rtl/phy/mig_7series_v4_1_ddr_phy_ocd_lim.v ../../../../ddr3_hdmi.srcs/sources_1/ip/mig_7series_0/mig_7series_0/user_design/rtl/phy/mig_7series_v4_1_ddr_phy_ocd_mux.v ../../../../ddr3_hdmi.srcs/sources_1/ip/mig_7series_0/mig_7series_0/user_design/rtl/phy/mig_7series_v4_1_ddr_phy_ocd_po_cntlr.v ../../../../ddr3_hdmi.srcs/sources_1/ip/mig_7series_0/mig_7series_0/user_design/rtl/phy/mig_7series_v4_1_ddr_phy_ocd_samp.v ../../../../ddr3_hdmi.srcs/sources_1/ip/mig_7series_0/mig_7series_0/user_design/rtl/phy/mig_7series_v4_1_ddr_phy_oclkdelay_cal.v ../../../../ddr3_hdmi.srcs/sources_1/ip/mig_7series_0/mig_7series_0/user_design/rtl/phy/mig_7series_v4_1_ddr_phy_prbs_rdlvl.v ../../../../ddr3_hdmi.srcs/sources_1/ip/mig_7series_0/mig_7series_0/user_design/rtl/phy/mig_7series_v4_1_ddr_phy_rdlvl.v ../../../../ddr3_hdmi.srcs/sources_1/ip/mig_7series_0/mig_7series_0/user_design/rtl/phy/mig_7series_v4_1_ddr_phy_tempmon.v ../../../../ddr3_hdmi.srcs/sources_1/ip/mig_7series_0/mig_7series_0/user_design/rtl/phy/mig_7series_v4_1_ddr_phy_top.v ../../../../ddr3_hdmi.srcs/sources_1/ip/mig_7series_0/mig_7series_0/user_design/rtl/phy/mig_7series_v4_1_ddr_phy_wrcal.v ../../../../ddr3_hdmi.srcs/sources_1/ip/mig_7series_0/mig_7series_0/user_design/rtl/phy/mig_7series_v4_1_ddr_phy_wrlvl.v ../../../../ddr3_hdmi.srcs/sources_1/ip/mig_7series_0/mig_7series_0/user_design/rtl/phy/mig_7series_v4_1_ddr_phy_wrlvl_off_delay.v ../../../../ddr3_hdmi.srcs/sources_1/ip/mig_7series_0/mig_7series_0/user_design/rtl/phy/mig_7series_v4_1_ddr_prbs_gen.v ../../../../ddr3_hdmi.srcs/sources_1/ip/mig_7series_0/mig_7series_0/user_design/rtl/phy/mig_7series_v4_1_ddr_skip_calib_tap.v ../../../../ddr3_hdmi.srcs/sources_1/ip/mig_7series_0/mig_7series_0/user_design/rtl/phy/mig_7series_v4_1_poc_cc.v ../../../../ddr3_hdmi.srcs/sources_1/ip/mig_7series_0/mig_7series_0/user_design/rtl/phy/mig_7series_v4_1_poc_edge_store.v ../../../../ddr3_hdmi.srcs/sources_1/ip/mig_7series_0/mig_7series_0/user_design/rtl/phy/mig_7series_v4_1_poc_meta.v ../../../../ddr3_hdmi.srcs/sources_1/ip/mig_7series_0/mig_7series_0/user_design/rtl/phy/mig_7series_v4_1_poc_pd.v ../../../../ddr3_hdmi.srcs/sources_1/ip/mig_7series_0/mig_7series_0/user_design/rtl/phy/mig_7series_v4_1_poc_tap_base.v ../../../../ddr3_hdmi.srcs/sources_1/ip/mig_7series_0/mig_7series_0/user_design/rtl/phy/mig_7series_v4_1_poc_top.v ../../../../ddr3_hdmi.srcs/sources_1/ip/mig_7series_0/mig_7series_0/user_design/rtl/ui/mig_7series_v4_1_ui_cmd.v ../../../../ddr3_hdmi.srcs/sources_1/ip/mig_7series_0/mig_7series_0/user_design/rtl/ui/mig_7series_v4_1_ui_rd_data.v ../../../../ddr3_hdmi.srcs/sources_1/ip/mig_7series_0/mig_7series_0/user_design/rtl/ui/mig_7series_v4_1_ui_top.v ../../../../ddr3_hdmi.srcs/sources_1/ip/mig_7series_0/mig_7series_0/user_design/rtl/ui/mig_7series_v4_1_ui_wr_data.v ../../../../ddr3_hdmi.srcs/sources_1/ip/mig_7series_0/mig_7series_0/user_design/rtl/mig_7series_0_mig_sim.v ../../../../ddr3_hdmi.srcs/sources_1/ip/mig_7series_0/mig_7series_0/user_design/rtl/mig_7series_0.v ../../../../ddr3_hdmi.srcs/sources_1/ip/buffer_fifo/sim/buffer_fifo.v ../../../../ddr3_hdmi.srcs/sources_1/ddr3/A7_DDR3_CTRL.v ../../../../ddr3_hdmi.srcs/sources_1/ddr3/a7_rd_ctrl.v ../../../../ddr3_hdmi.srcs/sources_1/ddr3/a7_wr_ctrl.v ../../../../ddr3_hdmi.srcs/sources_1/ddr3/arbit.v ../../../../ddr3_hdmi.srcs/sources_1/hdmi/encode.v ../../../../ddr3_hdmi.srcs/sources_1/hdmi/hdmi_ctrl.v ../../../../ddr3_hdmi.srcs/sources_1/new/hdmi_ddr3_buffer.v ../../../../ddr3_hdmi.srcs/sources_1/hdmi/par2ser.v ../../../../ddr3_hdmi.srcs/sources_1/new/top_ddr3_hdmi_ctrl.v ../../../../ddr3_hdmi.srcs/sources_1/ddr3/user_rd_ctrl.v ../../../../ddr3_hdmi.srcs/sources_1/hdmi/vga.v 
# -- Skipping module clk_wiz_1_clk_wiz
# -- Skipping module clk_wiz_1
# -- Skipping module clk_wiz_0_clk_wiz
# -- Skipping module clk_wiz_0
# -- Skipping module cmd_fifo
# -- Skipping module rd_data_fifo
# -- Skipping module wr_data_fifo
# -- Skipping module mig_7series_v4_1_clk_ibuf
# -- Skipping module mig_7series_v4_1_infrastructure
# -- Skipping module mig_7series_v4_1_iodelay_ctrl
# -- Skipping module mig_7series_v4_1_tempmon
# -- Skipping module mig_7series_v4_1_arb_mux
# -- Skipping module mig_7series_v4_1_arb_row_col
# -- Skipping module mig_7series_v4_1_arb_select
# -- Skipping module mig_7series_v4_1_bank_cntrl
# -- Skipping module mig_7series_v4_1_bank_common
# -- Skipping module mig_7series_v4_1_bank_compare
# -- Skipping module mig_7series_v4_1_bank_mach
# -- Skipping module mig_7series_v4_1_bank_queue
# -- Skipping module mig_7series_v4_1_bank_state
# -- Skipping module mig_7series_v4_1_col_mach
# -- Skipping module mig_7series_v4_1_mc
# -- Skipping module mig_7series_v4_1_rank_cntrl
# -- Skipping module mig_7series_v4_1_rank_common
# -- Skipping module mig_7series_v4_1_rank_mach
# -- Skipping module mig_7series_v4_1_round_robin_arb
# -- Skipping module mig_7series_v4_1_ecc_buf
# -- Skipping module mig_7series_v4_1_ecc_dec_fix
# -- Skipping module mig_7series_v4_1_ecc_gen
# -- Skipping module mig_7series_v4_1_ecc_merge_enc
# -- Skipping module mig_7series_v4_1_fi_xor
# -- Skipping module mig_7series_v4_1_memc_ui_top_std
# -- Skipping module mig_7series_v4_1_mem_intfc
# -- Skipping module mig_7series_v4_1_ddr_byte_group_io
# -- Skipping module mig_7series_v4_1_ddr_byte_lane
# -- Skipping module mig_7series_v4_1_ddr_calib_top
# -- Skipping module mig_7series_v4_1_ddr_if_post_fifo
# -- Skipping module mig_7series_v4_1_ddr_mc_phy
# -- Skipping module mig_7series_v4_1_ddr_mc_phy_wrapper
# -- Skipping module mig_7series_v4_1_ddr_of_pre_fifo
# -- Skipping module mig_7series_v4_1_ddr_phy_4lanes
# -- Skipping module mig_7series_v4_1_ddr_phy_ck_addr_cmd_delay
# -- Skipping module mig_7series_v4_1_ddr_phy_dqs_found_cal
# -- Skipping module mig_7series_v4_1_ddr_phy_dqs_found_cal_hr
# -- Skipping module mig_7series_v4_1_ddr_phy_init
# -- Skipping module mig_7series_v4_1_ddr_phy_ocd_cntlr
# -- Skipping module mig_7series_v4_1_ddr_phy_ocd_data
# -- Skipping module mig_7series_v4_1_ddr_phy_ocd_edge
# -- Skipping module mig_7series_v4_1_ddr_phy_ocd_lim
# -- Skipping module mig_7series_v4_1_ddr_phy_ocd_mux
# -- Skipping module mig_7series_v4_1_ddr_phy_ocd_po_cntlr
# -- Skipping module mig_7series_v4_1_ddr_phy_ocd_samp
# -- Skipping module mig_7series_v4_1_ddr_phy_oclkdelay_cal
# -- Skipping module mig_7series_v4_1_ddr_phy_prbs_rdlvl
# -- Skipping module mig_7series_v4_1_ddr_phy_rdlvl
# -- Skipping module mig_7series_v4_1_ddr_phy_tempmon
# -- Skipping module mig_7series_v4_1_ddr_phy_top
# -- Skipping module mig_7series_v4_1_ddr_phy_wrcal
# -- Skipping module mig_7series_v4_1_ddr_phy_wrlvl
# -- Skipping module mig_7series_v4_1_ddr_phy_wrlvl_off_delay
# -- Skipping module mig_7series_v4_1_ddr_prbs_gen
# -- Skipping module mig_7series_v4_1_ddr_skip_calib_tap
# -- Skipping module mig_7series_v4_1_poc_cc
# -- Skipping module mig_7series_v4_1_poc_edge_store
# -- Skipping module mig_7series_v4_1_poc_meta
# -- Skipping module mig_7series_v4_1_poc_pd
# -- Skipping module mig_7series_v4_1_poc_tap_base
# -- Skipping module mig_7series_v4_1_poc_top
# -- Skipping module mig_7series_v4_1_ui_cmd
# -- Skipping module mig_7series_v4_1_ui_rd_data
# -- Skipping module mig_7series_v4_1_ui_top
# -- Skipping module mig_7series_v4_1_ui_wr_data
# -- Skipping module mig_7series_0_mig
# -- Skipping module mig_7series_0
# -- Skipping module buffer_fifo
# -- Skipping module A7_DDR3_CTRL
# -- Skipping module a7_rd_ctrl
# -- Skipping module a7_wr_ctrl
# -- Skipping module arbit
# -- Skipping module encode
# -- Skipping module hdmi_ctrl
# -- Skipping module hdmi_ddr3_buffer
# -- Skipping module par2ser
# -- Skipping module top_ddr3_hdmi_ctrl
# -- Skipping module user_rd_ctrl
# -- Skipping module vga
# 
# Top level modules:
# 	top_ddr3_hdmi_ctrl
# End time: 10:36:07 on Oct 11,2018, Elapsed time: 0:00:01
# Errors: 0, Warnings: 1
# ** Warning: (vlog-159) Mode option -64 is not supported in this context and will be ignored.
# Model Technology ModelSim DE-64 vlog 10.6c Compiler 2017.07 Jul 26 2017
# Start time: 10:36:09 on Oct 11,2018
# vlog -64 -incr -sv -L xil_defaultlib -work xil_defaultlib "+incdir+../../../../ddr3_hdmi.srcs" "+incdir+../../../../ddr3_hdmi.srcs/sources_1/ip/clk_wiz_0" "+incdir+../../../../ddr3_hdmi.srcs/sources_1/ip/clk_wiz_1" "+incdir+F:/software/vivado/Vivado/2018.1/data/xilinx_vip/include" ../../../../ddr3_hdmi.srcs/ddr3_model.sv 
# -- Skipping module ddr3_model
# 
# Top level modules:
# 	ddr3_model
# End time: 10:36:09 on Oct 11,2018, Elapsed time: 0:00:00
# Errors: 0, Warnings: 1
# ** Warning: (vlog-159) Mode option -64 is not supported in this context and will be ignored.
# Model Technology ModelSim DE-64 vlog 10.6c Compiler 2017.07 Jul 26 2017
# Start time: 10:36:09 on Oct 11,2018
# vlog -64 -incr -work xil_defaultlib "+incdir+../../../../ddr3_hdmi.srcs" "+incdir+../../../../ddr3_hdmi.srcs/sources_1/ip/clk_wiz_0" "+incdir+../../../../ddr3_hdmi.srcs/sources_1/ip/clk_wiz_1" "+incdir+F:/software/vivado/Vivado/2018.1/data/xilinx_vip/include" ../../../../ddr3_hdmi.srcs/sim_1/new/tb_top_ddr3_hdmi.v 
# -- Skipping module tb_top_ddr3_hdmi
# 
# Top level modules:
# 	tb_top_ddr3_hdmi
# End time: 10:36:09 on Oct 11,2018, Elapsed time: 0:00:00
# Errors: 0, Warnings: 1
# Model Technology ModelSim DE-64 vlog 10.6c Compiler 2017.07 Jul 26 2017
# Start time: 10:36:09 on Oct 11,2018
# vlog -work xil_defaultlib glbl.v 
# -- Compiling module glbl
# 
# Top level modules:
# 	glbl
# End time: 10:36:09 on Oct 11,2018, Elapsed time: 0:00:00
# Errors: 0, Warnings: 0
