#-----------------------------------------------------------
# Vivado v2019.2 (64-bit)
# SW Build 2700185 on Thu Oct 24 18:46:05 MDT 2019
# IP Build 2699827 on Thu Oct 24 21:16:38 MDT 2019
# Start of session at: Sun Nov  3 11:38:08 2019
# Process ID: 6884
# Current directory: D:/document/DDR3教学视频/ddr3_hdmi
# Command line: vivado.exe -gui_launcher_event rodinguilauncherevent6396 D:\document\DDR3教学视频\ddr3_hdmi\ddr3_hdmi.xpr
# Log file: D:/document/DDR3教学视频/ddr3_hdmi/vivado.log
# Journal file: D:/document/DDR3教学视频/ddr3_hdmi\vivado.jou
#-----------------------------------------------------------
start_gui
open_project D:/document/DDR3教学视频/ddr3_hdmi/ddr3_hdmi.xpr
Scanning sources...
Finished scanning sources
INFO: [IP_Flow 19-234] Refreshing IP repositories
INFO: [IP_Flow 19-1704] No user IP repositories specified
INFO: [IP_Flow 19-2313] Loaded Vivado IP repository 'C:/Xilinx/Vivado/2019.2/data/ip'.
WARNING: [IP_Flow 19-2162] IP 'cmd_fifo' is locked:
* IP definition 'FIFO Generator (13.2)' for IP 'cmd_fifo' (customized with software release 2018.1) has a different revision in the IP Catalog.
WARNING: [IP_Flow 19-2162] IP 'rd_data_fifo' is locked:
* IP definition 'FIFO Generator (13.2)' for IP 'rd_data_fifo' (customized with software release 2018.1) has a different revision in the IP Catalog.
WARNING: [IP_Flow 19-2162] IP 'wr_data_fifo' is locked:
* IP definition 'FIFO Generator (13.2)' for IP 'wr_data_fifo' (customized with software release 2018.1) has a different revision in the IP Catalog.
WARNING: [IP_Flow 19-2162] IP 'mig_7series_0' is locked:
* IP definition 'Memory Interface Generator (MIG 7 Series) (4.1)' for IP 'mig_7series_0' (customized with software release 2018.1) has a newer minor version in the IP Catalog.
WARNING: [IP_Flow 19-2162] IP 'clk_wiz_0' is locked:
* IP definition 'Clocking Wizard (6.0)' for IP 'clk_wiz_0' (customized with software release 2018.1) has a different revision in the IP Catalog.
WARNING: [IP_Flow 19-2162] IP 'clk_wiz_1' is locked:
* IP definition 'Clocking Wizard (6.0)' for IP 'clk_wiz_1' (customized with software release 2018.1) has a different revision in the IP Catalog.
WARNING: [IP_Flow 19-2162] IP 'buffer_fifo' is locked:
* IP definition 'FIFO Generator (13.2)' for IP 'buffer_fifo' (customized with software release 2018.1) has a different revision in the IP Catalog.
INFO: [Project 1-230] Project 'ddr3_hdmi.xpr' upgraded for this version of Vivado.
open_project: Time (s): cpu = 00:00:14 ; elapsed = 00:00:09 . Memory (MB): peak = 775.582 ; gain = 148.660
report_ip_status -name ip_status 
update_compile_order -fileset sources_1
upgrade_ip [get_ips  {d:/document/DDR3ìêó/ddr3_hdmi/ddr3_hdmi.srcs/sources_1/ip/buffer_fifo/buffer_fifo.xc d:/document/DDR3ìêó/ddr3_hdmi/ddr3_hdmi.srcs/sources_1/ip/clk_wiz_0/clk_wiz_0.xc d:/document/DDR3ìêó/ddr3_hdmi/ddr3_hdmi.srcs/sources_1/ip/clk_wiz_1/clk_wiz_1.xc d:/document/DDR3ìêó/ddr3_hdmi/ddr3_hdmi.srcs/sources_1/ip/cmd_fifo/cmd_fifo.xc d:/document/DDR3ìêó/ddr3_hdmi/ddr3_hdmi.srcs/sources_1/ip/mig_7series_0/mig_7series_0.xc d:/document/DDR3ìêó/ddr3_hdmi/ddr3_hdmi.srcs/sources_1/ip/rd_data_fifo/rd_data_fifo.xc d:/document/DDR3ìêó/ddr3_hdmi/ddr3_hdmi.srcs/sources_1/ip/wr_data_fifo/wr_data_fifo.xc}] -log ip_upgrade.log
WARNING: [Coretcl 2-176] No IPs found
ERROR: [Common 17-69] Command failed: No IP specified.  Please specify IP with 'objects'
upgrade_ip [get_ips  {d:/document/DDR3ìêó/ddr3_hdmi/ddr3_hdmi.srcs/sources_1/ip/buffer_fifo/buffer_fifo.xc d:/document/DDR3ìêó/ddr3_hdmi/ddr3_hdmi.srcs/sources_1/ip/clk_wiz_0/clk_wiz_0.xc d:/document/DDR3ìêó/ddr3_hdmi/ddr3_hdmi.srcs/sources_1/ip/clk_wiz_1/clk_wiz_1.xc d:/document/DDR3ìêó/ddr3_hdmi/ddr3_hdmi.srcs/sources_1/ip/cmd_fifo/cmd_fifo.xc d:/document/DDR3ìêó/ddr3_hdmi/ddr3_hdmi.srcs/sources_1/ip/mig_7series_0/mig_7series_0.xc d:/document/DDR3ìêó/ddr3_hdmi/ddr3_hdmi.srcs/sources_1/ip/rd_data_fifo/rd_data_fifo.xc d:/document/DDR3ìêó/ddr3_hdmi/ddr3_hdmi.srcs/sources_1/ip/wr_data_fifo/wr_data_fifo.xc}] -log ip_upgrade.log
WARNING: [Coretcl 2-176] No IPs found
ERROR: [Common 17-69] Command failed: No IP specified.  Please specify IP with 'objects'
exit
INFO: [Common 17-206] Exiting Vivado at Sun Nov  3 12:51:43 2019...
