#-----------------------------------------------------------
# Vivado v2018.2 (64-bit)
# SW Build 2258646 on Thu Jun 14 20:03:12 MDT 2018
# IP Build 2256618 on Thu Jun 14 22:10:49 MDT 2018
# Start of session at: Wed Oct 23 20:26:13 2019
# Process ID: 9136
# Current directory: D:/document/DDR3教学视频/ddr3_hdmi
# Command line: vivado.exe -gui_launcher_event rodinguilauncherevent7476 D:\document\DDR3教学视频\ddr3_hdmi\ddr3_hdmi.xpr
# Log file: D:/document/DDR3教学视频/ddr3_hdmi/vivado.log
# Journal file: D:/document/DDR3教学视频/ddr3_hdmi\vivado.jou
#-----------------------------------------------------------
start_gui
open_project -read_only D:/document/DDR3教学视频/ddr3_hdmi/ddr3_hdmi.xpr
INFO: [Project 1-313] Project file moved from 'F:/ddr3_hdmi' since last save.
Scanning sources...
Finished scanning sources
INFO: [IP_Flow 19-234] Refreshing IP repositories
INFO: [IP_Flow 19-1704] No user IP repositories specified
INFO: [IP_Flow 19-2313] Loaded Vivado IP repository 'C:/software/vivado/Vivado/2018.2/data/ip'.
WARNING: [IP_Flow 19-2162] IP 'cmd_fifo' is locked:
* Project containing IP 'cmd_fifo' is read-only.
Please select 'Report IP Status' from the 'Tools/Report' menu or run Tcl command 'report_ip_status' for more information.
WARNING: [IP_Flow 19-2162] IP 'rd_data_fifo' is locked:
* Project containing IP 'rd_data_fifo' is read-only.
Please select 'Report IP Status' from the 'Tools/Report' menu or run Tcl command 'report_ip_status' for more information.
WARNING: [IP_Flow 19-2162] IP 'wr_data_fifo' is locked:
* Project containing IP 'wr_data_fifo' is read-only.
Please select 'Report IP Status' from the 'Tools/Report' menu or run Tcl command 'report_ip_status' for more information.
WARNING: [IP_Flow 19-2162] IP 'mig_7series_0' is locked:
* Project containing IP 'mig_7series_0' is read-only.
Please select 'Report IP Status' from the 'Tools/Report' menu or run Tcl command 'report_ip_status' for more information.
WARNING: [IP_Flow 19-2162] IP 'clk_wiz_0' is locked:
* Project containing IP 'clk_wiz_0' is read-only.
* IP definition 'Clocking Wizard (6.0)' for IP 'clk_wiz_0' (customized with software release 2018.1) has a different revision in the IP Catalog.
Please select 'Report IP Status' from the 'Tools/Report' menu or run Tcl command 'report_ip_status' for more information.
WARNING: [IP_Flow 19-2162] IP 'clk_wiz_1' is locked:
* Project containing IP 'clk_wiz_1' is read-only.
* IP definition 'Clocking Wizard (6.0)' for IP 'clk_wiz_1' (customized with software release 2018.1) has a different revision in the IP Catalog.
Please select 'Report IP Status' from the 'Tools/Report' menu or run Tcl command 'report_ip_status' for more information.
WARNING: [IP_Flow 19-2162] IP 'buffer_fifo' is locked:
* Project containing IP 'buffer_fifo' is read-only.
Please select 'Report IP Status' from the 'Tools/Report' menu or run Tcl command 'report_ip_status' for more information.
WARNING: [Project 1-229] Project 'ddr3_hdmi.xpr' is read-only and therefore could not be upgraded for this version of Vivado.  Use 'File | Save Project As...' if you wish to save an upgraded copy.
open_project: Time (s): cpu = 00:00:16 ; elapsed = 00:00:13 . Memory (MB): peak = 836.051 ; gain = 141.422
update_compile_order -fileset sources_1
exit
INFO: [Common 17-206] Exiting Vivado at Wed Oct 23 20:41:51 2019...
