#-----------------------------------------------------------
# Vivado v2018.2 (64-bit)
# SW Build 2258646 on Thu Jun 14 20:03:12 MDT 2018
# IP Build 2256618 on Thu Jun 14 22:10:49 MDT 2018
# Start of session at: Sun Oct 27 17:46:11 2019
# Process ID: 15036
# Current directory: D:/document/DDR3教学视频/ddr3_hdmi
# Command line: vivado.exe -gui_launcher_event rodinguilauncherevent15992 D:\document\DDR3教学视频\ddr3_hdmi\ddr3_hdmi.xpr
# Log file: D:/document/DDR3教学视频/ddr3_hdmi/vivado.log
# Journal file: D:/document/DDR3教学视频/ddr3_hdmi\vivado.jou
#-----------------------------------------------------------
start_gui
open_project D:/document/DDR3教学视频/ddr3_hdmi/ddr3_hdmi.xpr
INFO: [Project 1-313] Project file moved from 'F:/ddr3_hdmi' since last save.
Scanning sources...
Finished scanning sources
INFO: [IP_Flow 19-234] Refreshing IP repositories
INFO: [IP_Flow 19-1704] No user IP repositories specified
INFO: [IP_Flow 19-2313] Loaded Vivado IP repository 'C:/software/vivado/Vivado/2018.2/data/ip'.
WARNING: [IP_Flow 19-2162] IP 'clk_wiz_0' is locked:
* IP definition 'Clocking Wizard (6.0)' for IP 'clk_wiz_0' (customized with software release 2018.1) has a different revision in the IP Catalog.
Please select 'Report IP Status' from the 'Tools/Report' menu or run Tcl command 'report_ip_status' for more information.
WARNING: [IP_Flow 19-2162] IP 'clk_wiz_1' is locked:
* IP definition 'Clocking Wizard (6.0)' for IP 'clk_wiz_1' (customized with software release 2018.1) has a different revision in the IP Catalog.
Please select 'Report IP Status' from the 'Tools/Report' menu or run Tcl command 'report_ip_status' for more information.
INFO: [Project 1-230] Project 'ddr3_hdmi.xpr' upgraded for this version of Vivado.
open_project: Time (s): cpu = 00:00:15 ; elapsed = 00:00:14 . Memory (MB): peak = 826.125 ; gain = 134.195
report_ip_status -name ip_status 
update_compile_order -fileset sources_1
upgrade_ip [get_ips  {d:/document/DDR3ìêó/ddr3_hdmi/ddr3_hdmi.srcs/sources_1/ip/clk_wiz_0/clk_wiz_0.xc d:/document/DDR3ìêó/ddr3_hdmi/ddr3_hdmi.srcs/sources_1/ip/clk_wiz_1/clk_wiz_1.xc}] -log ip_upgrade.log
WARNING: [Coretcl 2-176] No IPs found
ERROR: [Common 17-69] Command failed: No IP specified.  Please specify IP with 'objects'
upgrade_ip [get_ips  {d:/document/DDR3ìêó/ddr3_hdmi/ddr3_hdmi.srcs/sources_1/ip/clk_wiz_0/clk_wiz_0.xc d:/document/DDR3ìêó/ddr3_hdmi/ddr3_hdmi.srcs/sources_1/ip/clk_wiz_1/clk_wiz_1.xc}] -log ip_upgrade.log
WARNING: [Coretcl 2-176] No IPs found
ERROR: [Common 17-69] Command failed: No IP specified.  Please specify IP with 'objects'
upgrade_ip [get_ips  {d:/document/DDR3ìêó/ddr3_hdmi/ddr3_hdmi.srcs/sources_1/ip/clk_wiz_0/clk_wiz_0.xc d:/document/DDR3ìêó/ddr3_hdmi/ddr3_hdmi.srcs/sources_1/ip/clk_wiz_1/clk_wiz_1.xc}] -log ip_upgrade.log
WARNING: [Coretcl 2-176] No IPs found
ERROR: [Common 17-69] Command failed: No IP specified.  Please specify IP with 'objects'
child process exited abnormally
upgrade_ip [get_ips  {d:/document/DDR3ìêó/ddr3_hdmi/ddr3_hdmi.srcs/sources_1/ip/clk_wiz_0/clk_wiz_0.xc d:/document/DDR3ìêó/ddr3_hdmi/ddr3_hdmi.srcs/sources_1/ip/clk_wiz_1/clk_wiz_1.xc}] -log ip_upgrade.log
WARNING: [Coretcl 2-176] No IPs found
ERROR: [Common 17-69] Command failed: No IP specified.  Please specify IP with 'objects'
exit
INFO: [Common 17-206] Exiting Vivado at Sun Oct 27 17:48:50 2019...
